Noti Health 4U/app/build/intermediates/manifest_merge_blame_file/debug/manifest-merger-blame-debug-report.txt
1<?xml version="1.0" encoding="utf-8"?>
2<manifest xmlns:android="http://schemas.android.com/apk/res/android"
3    package="com.example.health4u"
4    android:versionCode="1"
5    android:versionName="1.0" >
6
7    <uses-sdk
8        android:minSdkVersion="24"
8-->src/main/AndroidManifest.xml
9        android:targetSdkVersion="32" />
9-->src/main/AndroidManifest.xml
10
11    <uses-permission android:name="android.permission.WAKE_LOCK" />
11-->[androidx.work:work-runtime:2.7.1] AndroidManifest.xml:25:5-68
11-->[androidx.work:work-runtime:2.7.1] AndroidManifest.xml:25:22-65
12    <uses-permission android:name="android.permission.ACCESS_NETWORK_STATE" />
12-->[androidx.work:work-runtime:2.7.1] AndroidManifest.xml:26:5-79
12-->[androidx.work:work-runtime:2.7.1] AndroidManifest.xml:26:22-76
13    <uses-permission android:name="android.permission.RECEIVE_BOOT_COMPLETED" />
13-->[androidx.work:work-runtime:2.7.1] AndroidManifest.xml:27:5-81
13-->[androidx.work:work-runtime:2.7.1] AndroidManifest.xml:27:22-78
14    <uses-permission android:name="android.permission.FOREGROUND_SERVICE" />
14-->[androidx.work:work-runtime:2.7.1] AndroidManifest.xml:28:5-77
14-->[androidx.work:work-runtime:2.7.1] AndroidManifest.xml:28:22-74
15
16    <application
16-->src/main/AndroidManifest.xml:5:5-102:19
17        android:allowBackup="true"
17-->src/main/AndroidManifest.xml:6:9-35
18        android:appComponentFactory="androidx.core.app.CoreComponentFactory"
18-->[androidx.core:core:1.7.0] AndroidManifest.xml:24:18-86
19        android:debuggable="true"
20        android:extractNativeLibs="false"
21        android:icon="@mipmap/ic_launcher"
21-->src/main/AndroidManifest.xml:7:9-43
22        android:label="@string/app_name"
22-->src/main/AndroidManifest.xml:8:9-41
23        android:roundIcon="@mipmap/ic_launcher_round"
23-->src/main/AndroidManifest.xml:9:9-54
24        android:supportsRtl="true"
24-->src/main/AndroidManifest.xml:10:9-35
25        android:theme="@style/Theme.Health4U" >
25-->src/main/AndroidManifest.xml:11:9-46
26        <activity
26-->src/main/AndroidManifest.xml:12:9-14:40
27            android:name="com.example.health4u.CalendarioCitas"
27-->src/main/AndroidManifest.xml:13:13-44
28            android:exported="false" />
28-->src/main/AndroidManifest.xml:14:13-37
29        <activity
29-->src/main/AndroidManifest.xml:15:9-17:40
30            android:name="com.example.health4u.ListadoDeCitas"
30-->src/main/AndroidManifest.xml:16:13-43
31            android:exported="false" />
31-->src/main/AndroidManifest.xml:17:13-37
32        <activity
32-->src/main/AndroidManifest.xml:18:9-20:40
33            android:name="com.example.health4u.HistorialBus"
33-->src/main/AndroidManifest.xml:19:13-41
34            android:exported="false" />
34-->src/main/AndroidManifest.xml:20:13-37
35        <activity
35-->src/main/AndroidManifest.xml:21:9-23:40
36            android:name="com.example.health4u.HistorialPrin"
36-->src/main/AndroidManifest.xml:22:13-42
37            android:exported="false" />
37-->src/main/AndroidManifest.xml:23:13-37
38        <activity
38-->src/main/AndroidManifest.xml:24:9-27:52
39            android:name="com.example.health4u.IngresarEnfermedad"
39-->src/main/AndroidManifest.xml:25:13-47
40            android:exported="false"
40-->src/main/AndroidManifest.xml:26:13-37
41            android:screenOrientation="portrait" />
41-->src/main/AndroidManifest.xml:27:13-49
42        <activity
42-->src/main/AndroidManifest.xml:28:9-31:52
43            android:name="com.example.health4u.IngresarFechaNac"
43-->src/main/AndroidManifest.xml:29:13-45
44            android:exported="false"
44-->src/main/AndroidManifest.xml:30:13-37
45            android:screenOrientation="portrait" />
45-->src/main/AndroidManifest.xml:31:13-49
46        <activity
46-->src/main/AndroidManifest.xml:32:9-35:52
47            android:name="com.example.health4u.Ingresar_Nombre"
47-->src/main/AndroidManifest.xml:33:13-44
48            android:exported="false"
48-->src/main/AndroidManifest.xml:34:13-37
49            android:screenOrientation="portrait" />
49-->src/main/AndroidManifest.xml:35:13-49
50        <activity
50-->src/main/AndroidManifest.xml:36:9-39:52
51            android:name="com.example.health4u.Cargando_Perfil"
51-->src/main/AndroidManifest.xml:37:13-44
52            android:exported="false"
52-->src/main/AndroidManifest.xml:38:13-37
53            android:screenOrientation="portrait" />
53-->src/main/AndroidManifest.xml:39:13-49
54        <activity
54-->src/main/AndroidManifest.xml:40:9-43:52
55            android:name="com.example.health4u.Inicio2"
55-->src/main/AndroidManifest.xml:41:13-36
56            android:exported="false"
56-->src/main/AndroidManifest.xml:42:13-37
57            android:screenOrientation="portrait" />
57-->src/main/AndroidManifest.xml:43:13-49
58        <activity
58-->src/main/AndroidManifest.xml:44:9-47:52
59            android:name="com.example.health4u.Menu"
59-->src/main/AndroidManifest.xml:45:13-33
60            android:exported="false"
60-->src/main/AndroidManifest.xml:46:13-37
61            android:screenOrientation="portrait" />
61-->src/main/AndroidManifest.xml:47:13-49
62        <activity
62-->src/main/AndroidManifest.xml:48:9-51:52
63            android:name="com.example.health4u.Animacion"
63-->src/main/AndroidManifest.xml:49:13-38
64            android:exported="false"
64-->src/main/AndroidManifest.xml:50:13-37
65            android:screenOrientation="portrait" />
65-->src/main/AndroidManifest.xml:51:13-49
66        <activity
66-->src/main/AndroidManifest.xml:52:9-55:52
67            android:name="com.example.health4u.Medicamento3"
67-->src/main/AndroidManifest.xml:53:13-41
68            android:exported="false"
68-->src/main/AndroidManifest.xml:54:13-37
69            android:screenOrientation="portrait" />
69-->src/main/AndroidManifest.xml:55:13-49
70        <activity
70-->src/main/AndroidManifest.xml:56:9-59:52
71            android:name="com.example.health4u.Medicamento2"
71-->src/main/AndroidManifest.xml:57:13-41
72            android:exported="false"
72-->src/main/AndroidManifest.xml:58:13-37
73            android:screenOrientation="portrait" />
73-->src/main/AndroidManifest.xml:59:13-49
74        <activity
74-->src/main/AndroidManifest.xml:60:9-63:52
75            android:name="com.example.health4u.Medicamento1"
75-->src/main/AndroidManifest.xml:61:13-41
76            android:exported="false"
76-->src/main/AndroidManifest.xml:62:13-37
77            android:screenOrientation="portrait" />
77-->src/main/AndroidManifest.xml:63:13-49
78        <activity
78-->src/main/AndroidManifest.xml:65:9-68:52
79            android:name="com.example.health4u.ProgramarCita3"
79-->src/main/AndroidManifest.xml:66:13-43
80            android:exported="false"
80-->src/main/AndroidManifest.xml:67:13-37
81            android:screenOrientation="portrait" />
81-->src/main/AndroidManifest.xml:68:13-49
82        <activity
82-->src/main/AndroidManifest.xml:69:9-72:52
83            android:name="com.example.health4u.ProgramarCita"
83-->src/main/AndroidManifest.xml:70:13-42
84            android:exported="false"
84-->src/main/AndroidManifest.xml:71:13-37
85            android:screenOrientation="portrait" />
85-->src/main/AndroidManifest.xml:72:13-49
86        <activity
86-->src/main/AndroidManifest.xml:73:9-76:52
87            android:name="com.example.health4u.ProgramarCita2"
87-->src/main/AndroidManifest.xml:74:13-43
88            android:exported="false"
88-->src/main/AndroidManifest.xml:75:13-37
89            android:screenOrientation="portrait" />
89-->src/main/AndroidManifest.xml:76:13-49
90        <activity
90-->src/main/AndroidManifest.xml:77:9-79:40
91            android:name="com.example.health4u.detalleNotificacion"
91-->src/main/AndroidManifest.xml:78:13-48
92            android:exported="false" />
92-->src/main/AndroidManifest.xml:79:13-37
93        <activity
93-->src/main/AndroidManifest.xml:80:9-82:40
94            android:name="com.example.health4u.detallNotifCita"
94-->src/main/AndroidManifest.xml:81:13-44
95            android:exported="false" />
95-->src/main/AndroidManifest.xml:82:13-37
96        <activity
96-->src/main/AndroidManifest.xml:83:9-93:20
97            android:name="com.example.health4u.Inicio"
97-->src/main/AndroidManifest.xml:84:13-35
98            android:configChanges="uiMode"
98-->src/main/AndroidManifest.xml:85:13-43
99            android:exported="true"
99-->src/main/AndroidManifest.xml:86:13-36
100            android:screenOrientation="portrait" >
100-->src/main/AndroidManifest.xml:87:13-49
101            <intent-filter>
101-->src/main/AndroidManifest.xml:88:13-92:29
102                <action android:name="android.intent.action.MAIN" />
102-->src/main/AndroidManifest.xml:89:17-69
102-->src/main/AndroidManifest.xml:89:25-66
103
104                <category android:name="android.intent.category.LAUNCHER" />
104-->src/main/AndroidManifest.xml:91:17-77
104-->src/main/AndroidManifest.xml:91:27-74
105            </intent-filter>
106        </activity>
107
108        <meta-data
108-->src/main/AndroidManifest.xml:95:9-97:57
109            android:name="preloaded_fonts"
109-->src/main/AndroidManifest.xml:96:13-43
110            android:resource="@array/preloaded_fonts" />
110-->src/main/AndroidManifest.xml:97:13-54
111
112        <service
112-->src/main/AndroidManifest.xml:99:9-101:38
113            android:name="com.example.health4u.notiService"
113-->src/main/AndroidManifest.xml:100:13-40
114            android:enabled="true" />
114-->src/main/AndroidManifest.xml:101:13-35
115
116        <provider
116-->[androidx.work:work-runtime:2.7.1] AndroidManifest.xml:31:9-39:20
117            android:name="androidx.startup.InitializationProvider"
117-->[androidx.work:work-runtime:2.7.1] AndroidManifest.xml:32:13-67
118            android:authorities="com.example.health4u.androidx-startup"
118-->[androidx.work:work-runtime:2.7.1] AndroidManifest.xml:33:13-68
119            android:exported="false" >
119-->[androidx.work:work-runtime:2.7.1] AndroidManifest.xml:34:13-37
120            <meta-data
120-->[androidx.work:work-runtime:2.7.1] AndroidManifest.xml:36:13-38:52
121                android:name="androidx.work.WorkManagerInitializer"
121-->[androidx.work:work-runtime:2.7.1] AndroidManifest.xml:37:17-68
122                android:value="androidx.startup" />
122-->[androidx.work:work-runtime:2.7.1] AndroidManifest.xml:38:17-49
123            <meta-data
123-->[androidx.emoji2:emoji2:1.0.0] AndroidManifest.xml:31:13-33:52
124                android:name="androidx.emoji2.text.EmojiCompatInitializer"
124-->[androidx.emoji2:emoji2:1.0.0] AndroidManifest.xml:32:17-75
125                android:value="androidx.startup" />
125-->[androidx.emoji2:emoji2:1.0.0] AndroidManifest.xml:33:17-49
126            <meta-data
126-->[androidx.lifecycle:lifecycle-process:2.4.0] AndroidManifest.xml:31:13-33:52
127                android:name="androidx.lifecycle.ProcessLifecycleInitializer"
127-->[androidx.lifecycle:lifecycle-process:2.4.0] AndroidManifest.xml:32:17-78
128                android:value="androidx.startup" />
128-->[androidx.lifecycle:lifecycle-process:2.4.0] AndroidManifest.xml:33:17-49
129        </provider>
130
131        <service
131-->[androidx.work:work-runtime:2.7.1] AndroidManifest.xml:41:9-46:35
132            android:name="androidx.work.impl.background.systemalarm.SystemAlarmService"
132-->[androidx.work:work-runtime:2.7.1] AndroidManifest.xml:42:13-88
133            android:directBootAware="false"
133-->[androidx.work:work-runtime:2.7.1] AndroidManifest.xml:43:13-44
134            android:enabled="@bool/enable_system_alarm_service_default"
134-->[androidx.work:work-runtime:2.7.1] AndroidManifest.xml:44:13-72
135            android:exported="false" />
135-->[androidx.work:work-runtime:2.7.1] AndroidManifest.xml:45:13-37
136        <service
136-->[androidx.work:work-runtime:2.7.1] AndroidManifest.xml:47:9-53:35
137            android:name="androidx.work.impl.background.systemjob.SystemJobService"
137-->[androidx.work:work-runtime:2.7.1] AndroidManifest.xml:48:13-84
138            android:directBootAware="false"
138-->[androidx.work:work-runtime:2.7.1] AndroidManifest.xml:49:13-44
139            android:enabled="@bool/enable_system_job_service_default"
139-->[androidx.work:work-runtime:2.7.1] AndroidManifest.xml:50:13-70
140            android:exported="true"
140-->[androidx.work:work-runtime:2.7.1] AndroidManifest.xml:51:13-36
141            android:permission="android.permission.BIND_JOB_SERVICE" />
141-->[androidx.work:work-runtime:2.7.1] AndroidManifest.xml:52:13-69
142        <service
142-->[androidx.work:work-runtime:2.7.1] AndroidManifest.xml:54:9-59:35
143            android:name="androidx.work.impl.foreground.SystemForegroundService"
143-->[androidx.work:work-runtime:2.7.1] AndroidManifest.xml:55:13-81
144            android:directBootAware="false"
144-->[androidx.work:work-runtime:2.7.1] AndroidManifest.xml:56:13-44
145            android:enabled="@bool/enable_system_foreground_service_default"
145-->[androidx.work:work-runtime:2.7.1] AndroidManifest.xml:57:13-77
146            android:exported="false" />
146-->[androidx.work:work-runtime:2.7.1] AndroidManifest.xml:58:13-37
147
148        <receiver
148-->[androidx.work:work-runtime:2.7.1] AndroidManifest.xml:61:9-66:35
149            android:name="androidx.work.impl.utils.ForceStopRunnable$BroadcastReceiver"
149-->[androidx.work:work-runtime:2.7.1] AndroidManifest.xml:62:13-88
150            android:directBootAware="false"
150-->[androidx.work:work-runtime:2.7.1] AndroidManifest.xml:63:13-44
151            android:enabled="true"
151-->[androidx.work:work-runtime:2.7.1] AndroidManifest.xml:64:13-35
152            android:exported="false" />
152-->[androidx.work:work-runtime:2.7.1] AndroidManifest.xml:65:13-37
153        <receiver
153-->[androidx.work:work-runtime:2.7.1] AndroidManifest.xml:67:9-77:20
154            android:name="androidx.work.impl.background.systemalarm.ConstraintProxy$BatteryChargingProxy"
154-->[androidx.work:work-runtime:2.7.1] AndroidManifest.xml:68:13-106
155            android:directBootAware="false"
155-->[androidx.work:work-runtime:2.7.1] AndroidManifest.xml:69:13-44
156            android:enabled="false"
156-->[androidx.work:work-runtime:2.7.1] AndroidManifest.xml:70:13-36
157            android:exported="false" >
157-->[androidx.work:work-runtime:2.7.1] AndroidManifest.xml:71:13-37
158            <intent-filter>
158-->[androidx.work:work-runtime:2.7.1] AndroidManifest.xml:73:13-76:29
159                <action android:name="android.intent.action.ACTION_POWER_CONNECTED" />
159-->[androidx.work:work-runtime:2.7.1] AndroidManifest.xml:74:17-87
159-->[androidx.work:work-runtime:2.7.1] AndroidManifest.xml:74:25-84
160                <action android:name="android.intent.action.ACTION_POWER_DISCONNECTED" />
160-->[androidx.work:work-runtime:2.7.1] AndroidManifest.xml:75:17-90
160-->[androidx.work:work-runtime:2.7.1] AndroidManifest.xml:75:25-87
161            </intent-filter>
162        </receiver>
163        <receiver
163-->[androidx.work:work-runtime:2.7.1] AndroidManifest.xml:78:9-88:20
164            android:name="androidx.work.impl.background.systemalarm.ConstraintProxy$BatteryNotLowProxy"
164-->[androidx.work:work-runtime:2.7.1] AndroidManifest.xml:79:13-104
165            android:directBootAware="false"
165-->[androidx.work:work-runtime:2.7.1] AndroidManifest.xml:80:13-44
166            android:enabled="false"
166-->[androidx.work:work-runtime:2.7.1] AndroidManifest.xml:81:13-36
167            android:exported="false" >
167-->[androidx.work:work-runtime:2.7.1] AndroidManifest.xml:82:13-37
168            <intent-filter>
168-->[androidx.work:work-runtime:2.7.1] AndroidManifest.xml:84:13-87:29
169                <action android:name="android.intent.action.BATTERY_OKAY" />
169-->[androidx.work:work-runtime:2.7.1] AndroidManifest.xml:85:17-77
169-->[androidx.work:work-runtime:2.7.1] AndroidManifest.xml:85:25-74
170                <action android:name="android.intent.action.BATTERY_LOW" />
170-->[androidx.work:work-runtime:2.7.1] AndroidManifest.xml:86:17-76
170-->[androidx.work:work-runtime:2.7.1] AndroidManifest.xml:86:25-73
171            </intent-filter>
172        </receiver>
173        <receiver
173-->[androidx.work:work-runtime:2.7.1] AndroidManifest.xml:89:9-99:20
174            android:name="androidx.work.impl.background.systemalarm.ConstraintProxy$StorageNotLowProxy"
174-->[androidx.work:work-runtime:2.7.1] AndroidManifest.xml:90:13-104
175            android:directBootAware="false"
175-->[androidx.work:work-runtime:2.7.1] AndroidManifest.xml:91:13-44
176            android:enabled="false"
176-->[androidx.work:work-runtime:2.7.1] AndroidManifest.xml:92:13-36
177            android:exported="false" >
177-->[androidx.work:work-runtime:2.7.1] AndroidManifest.xml:93:13-37
178            <intent-filter>
178-->[androidx.work:work-runtime:2.7.1] AndroidManifest.xml:95:13-98:29
179                <action android:name="android.intent.action.DEVICE_STORAGE_LOW" />
179-->[androidx.work:work-runtime:2.7.1] AndroidManifest.xml:96:17-83
179-->[androidx.work:work-runtime:2.7.1] AndroidManifest.xml:96:25-80
180                <action android:name="android.intent.action.DEVICE_STORAGE_OK" />
180-->[androidx.work:work-runtime:2.7.1] AndroidManifest.xml:97:17-82
180-->[androidx.work:work-runtime:2.7.1] AndroidManifest.xml:97:25-79
181            </intent-filter>
182        </receiver>
183        <receiver
183-->[androidx.work:work-runtime:2.7.1] AndroidManifest.xml:100:9-109:20
184            android:name="androidx.work.impl.background.systemalarm.ConstraintProxy$NetworkStateProxy"
184-->[androidx.work:work-runtime:2.7.1] AndroidManifest.xml:101:13-103
185            android:directBootAware="false"
185-->[androidx.work:work-runtime:2.7.1] AndroidManifest.xml:102:13-44
186            android:enabled="false"
186-->[androidx.work:work-runtime:2.7.1] AndroidManifest.xml:103:13-36
187            android:exported="false" >
187-->[androidx.work:work-runtime:2.7.1] AndroidManifest.xml:104:13-37
188            <intent-filter>
188-->[androidx.work:work-runtime:2.7.1] AndroidManifest.xml:106:13-108:29
189                <action android:name="android.net.conn.CONNECTIVITY_CHANGE" />
189-->[androidx.work:work-runtime:2.7.1] AndroidManifest.xml:107:17-79
189-->[androidx.work:work-runtime:2.7.1] AndroidManifest.xml:107:25-76
190            </intent-filter>
191        </receiver>
192        <receiver
192-->[androidx.work:work-runtime:2.7.1] AndroidManifest.xml:110:9-121:20
193            android:name="androidx.work.impl.background.systemalarm.RescheduleReceiver"
193-->[androidx.work:work-runtime:2.7.1] AndroidManifest.xml:111:13-88
194            android:directBootAware="false"
194-->[androidx.work:work-runtime:2.7.1] AndroidManifest.xml:112:13-44
195            android:enabled="false"
195-->[androidx.work:work-runtime:2.7.1] AndroidManifest.xml:113:13-36
196            android:exported="false" >
196-->[androidx.work:work-runtime:2.7.1] AndroidManifest.xml:114:13-37
197            <intent-filter>
197-->[androidx.work:work-runtime:2.7.1] AndroidManifest.xml:116:13-120:29
198                <action android:name="android.intent.action.BOOT_COMPLETED" />
198-->[androidx.work:work-runtime:2.7.1] AndroidManifest.xml:117:17-79
198-->[androidx.work:work-runtime:2.7.1] AndroidManifest.xml:117:25-76
199                <action android:name="android.intent.action.TIME_SET" />
199-->[androidx.work:work-runtime:2.7.1] AndroidManifest.xml:118:17-73
199-->[androidx.work:work-runtime:2.7.1] AndroidManifest.xml:118:25-70
200                <action android:name="android.intent.action.TIMEZONE_CHANGED" />
200-->[androidx.work:work-runtime:2.7.1] AndroidManifest.xml:119:17-81
200-->[androidx.work:work-runtime:2.7.1] AndroidManifest.xml:119:25-78
201            </intent-filter>
202        </receiver>
203        <receiver
203-->[androidx.work:work-runtime:2.7.1] AndroidManifest.xml:122:9-131:20
204            android:name="androidx.work.impl.background.systemalarm.ConstraintProxyUpdateReceiver"
204-->[androidx.work:work-runtime:2.7.1] AndroidManifest.xml:123:13-99
205            android:directBootAware="false"
205-->[androidx.work:work-runtime:2.7.1] AndroidManifest.xml:124:13-44
206            android:enabled="@bool/enable_system_alarm_service_default"
206-->[androidx.work:work-runtime:2.7.1] AndroidManifest.xml:125:13-72
207            android:exported="false" >
207-->[androidx.work:work-runtime:2.7.1] AndroidManifest.xml:126:13-37
208            <intent-filter>
208-->[androidx.work:work-runtime:2.7.1] AndroidManifest.xml:128:13-130:29
209                <action android:name="androidx.work.impl.background.systemalarm.UpdateProxies" />
209-->[androidx.work:work-runtime:2.7.1] AndroidManifest.xml:129:17-98
209-->[androidx.work:work-runtime:2.7.1] AndroidManifest.xml:129:25-95
210            </intent-filter>
211        </receiver>
212        <receiver
212-->[androidx.work:work-runtime:2.7.1] AndroidManifest.xml:132:9-142:20
213            android:name="androidx.work.impl.diagnostics.DiagnosticsReceiver"
213-->[androidx.work:work-runtime:2.7.1] AndroidManifest.xml:133:13-78
214            android:directBootAware="false"
214-->[androidx.work:work-runtime:2.7.1] AndroidManifest.xml:134:13-44
215            android:enabled="true"
215-->[androidx.work:work-runtime:2.7.1] AndroidManifest.xml:135:13-35
216            android:exported="true"
216-->[androidx.work:work-runtime:2.7.1] AndroidManifest.xml:136:13-36
217            android:permission="android.permission.DUMP" >
217-->[androidx.work:work-runtime:2.7.1] AndroidManifest.xml:137:13-57
218            <intent-filter>
218-->[androidx.work:work-runtime:2.7.1] AndroidManifest.xml:139:13-141:29
219                <action android:name="androidx.work.diagnostics.REQUEST_DIAGNOSTICS" />
219-->[androidx.work:work-runtime:2.7.1] AndroidManifest.xml:140:17-88
219-->[androidx.work:work-runtime:2.7.1] AndroidManifest.xml:140:25-85
220            </intent-filter>
221        </receiver>
222
223        <service
223-->[androidx.room:room-runtime:2.2.5] AndroidManifest.xml:25:9-28:40
224            android:name="androidx.room.MultiInstanceInvalidationService"
224-->[androidx.room:room-runtime:2.2.5] AndroidManifest.xml:26:13-74
225            android:directBootAware="true"
225-->[androidx.room:room-runtime:2.2.5] AndroidManifest.xml:27:13-43
226            android:exported="false" />
226-->[androidx.room:room-runtime:2.2.5] AndroidManifest.xml:28:13-37
227    </application>
228
229</manifest>